Determining if the pthread_create exist failed with the following output:
Change Dir: /home/omncbar/mobile_manipulator_ws/build/CMakeFiles/CMakeTmp

Run Build Command:"/usr/bin/make" "cmTC_780bc/fast"
/usr/bin/make -f CMakeFiles/cmTC_780bc.dir/build.make CMakeFiles/cmTC_780bc.dir/build
make[1]: ingresso nella directory "/home/omncbar/mobile_manipulator_ws/build/CMakeFiles/CMakeTmp"
Building C object CMakeFiles/cmTC_780bc.dir/CheckSymbolExists.c.o
/usr/bin/cc    -o CMakeFiles/cmTC_780bc.dir/CheckSymbolExists.c.o   -c /home/omncbar/mobile_manipulator_ws/build/CMakeFiles/CMakeTmp/CheckSymbolExists.c
Linking C executable cmTC_780bc
/usr/local/bin/cmake -E cmake_link_script CMakeFiles/cmTC_780bc.dir/link.txt --verbose=1
/usr/bin/cc      -rdynamic CMakeFiles/cmTC_780bc.dir/CheckSymbolExists.c.o  -o cmTC_780bc 
CMakeFiles/cmTC_780bc.dir/CheckSymbolExists.c.o: nella funzione "main":
CheckSymbolExists.c:(.text+0x16): riferimento non definito a "pthread_create"
collect2: error: ld returned 1 exit status
CMakeFiles/cmTC_780bc.dir/build.make:97: set di istruzioni per l'obiettivo "cmTC_780bc" non riuscito
make[1]: *** [cmTC_780bc] Errore 1
make[1]: uscita dalla directory "/home/omncbar/mobile_manipulator_ws/build/CMakeFiles/CMakeTmp"
Makefile:126: set di istruzioni per l'obiettivo "cmTC_780bc/fast" non riuscito
make: *** [cmTC_780bc/fast] Errore 2

File /home/omncbar/mobile_manipulator_ws/build/CMakeFiles/CMakeTmp/CheckSymbolExists.c:
/* */
#include <pthread.h>

int main(int argc, char** argv)
{
  (void)argv;
#ifndef pthread_create
  return ((int*)(&pthread_create))[argc];
#else
  (void)argc;
  return 0;
#endif
}

Determining if the function pthread_create exists in the pthreads failed with the following output:
Change Dir: /home/omncbar/mobile_manipulator_ws/build/CMakeFiles/CMakeTmp

Run Build Command:"/usr/bin/make" "cmTC_3c78c/fast"
/usr/bin/make -f CMakeFiles/cmTC_3c78c.dir/build.make CMakeFiles/cmTC_3c78c.dir/build
make[1]: ingresso nella directory "/home/omncbar/mobile_manipulator_ws/build/CMakeFiles/CMakeTmp"
Building C object CMakeFiles/cmTC_3c78c.dir/CheckFunctionExists.c.o
/usr/bin/cc   -DCHECK_FUNCTION_EXISTS=pthread_create   -o CMakeFiles/cmTC_3c78c.dir/CheckFunctionExists.c.o   -c /usr/local/share/cmake-3.8/Modules/CheckFunctionExists.c
Linking C executable cmTC_3c78c
/usr/local/bin/cmake -E cmake_link_script CMakeFiles/cmTC_3c78c.dir/link.txt --verbose=1
/usr/bin/cc  -DCHECK_FUNCTION_EXISTS=pthread_create    -rdynamic CMakeFiles/cmTC_3c78c.dir/CheckFunctionExists.c.o  -o cmTC_3c78c -lpthreads 
/usr/bin/ld: impossibile trovare -lpthreads
collect2: error: ld returned 1 exit status
CMakeFiles/cmTC_3c78c.dir/build.make:97: set di istruzioni per l'obiettivo "cmTC_3c78c" non riuscito
make[1]: *** [cmTC_3c78c] Errore 1
make[1]: uscita dalla directory "/home/omncbar/mobile_manipulator_ws/build/CMakeFiles/CMakeTmp"
Makefile:126: set di istruzioni per l'obiettivo "cmTC_3c78c/fast" non riuscito
make: *** [cmTC_3c78c/fast] Errore 2


